--------------------
./configure --prefix=/data/data/com.termux/files/usr
Sun May 25 18:19:19 BST 2025
Checking for gcc...
=== ztest7415.c ===
extern int getchar();
int hello() {return getchar();}
===
gcc -c ztest7415.c
... using gcc

Checking for obsessive-compulsive compiler options...
=== ztest7415.c ===
int foo() { return 0; }
===
gcc -c -O3 ztest7415.c

Checking for shared library support...
=== ztest7415.c ===
extern int getchar();
int hello() {return getchar();}
===
gcc -w -c -O3 -fPIC ztest7415.c
gcc -shared -Wl,-soname,libz.so.1,--version-script,zlib.map -O3 -fPIC -o ztest7415.so ztest7415.o
ld.lld: error: version script assignment of 'ZLIB_1.2.0' to symbol 'compressBound' failed: symbol not defined
ld.lld: error: version script assignment of 'ZLIB_1.2.0' to symbol 'deflateBound' failed: symbol not defined
ld.lld: error: version script assignment of 'ZLIB_1.2.0' to symbol 'inflateBack' failed: symbol not defined
ld.lld: error: version script assignment of 'ZLIB_1.2.0' to symbol 'inflateBackEnd' failed: symbol not defined
ld.lld: error: version script assignment of 'ZLIB_1.2.0' to symbol 'inflateBackInit_' failed: symbol not defined
ld.lld: error: version script assignment of 'ZLIB_1.2.0' to symbol 'inflateCopy' failed: symbol not defined
ld.lld: error: version script assignment of 'local' to symbol 'deflate_copyright' failed: symbol not defined
ld.lld: error: version script assignment of 'local' to symbol 'inflate_copyright' failed: symbol not defined
ld.lld: error: version script assignment of 'local' to symbol 'inflate_fast' failed: symbol not defined
ld.lld: error: version script assignment of 'local' to symbol 'inflate_table' failed: symbol not defined
ld.lld: error: version script assignment of 'local' to symbol 'zcalloc' failed: symbol not defined
ld.lld: error: version script assignment of 'local' to symbol 'zcfree' failed: symbol not defined
ld.lld: error: version script assignment of 'local' to symbol 'z_errmsg' failed: symbol not defined
ld.lld: error: version script assignment of 'local' to symbol 'gz_error' failed: symbol not defined
ld.lld: error: version script assignment of 'local' to symbol 'gz_intmax' failed: symbol not defined
ld.lld: error: version script assignment of 'ZLIB_1.2.0.2' to symbol 'gzclearerr' failed: symbol not defined
ld.lld: error: version script assignment of 'ZLIB_1.2.0.2' to symbol 'gzungetc' failed: symbol not defined
ld.lld: error: version script assignment of 'ZLIB_1.2.0.2' to symbol 'zlibCompileFlags' failed: symbol not defined
ld.lld: error: version script assignment of 'ZLIB_1.2.0.8' to symbol 'deflatePrime' failed: symbol not defined
ld.lld: error: version script assignment of 'ZLIB_1.2.2' to symbol 'adler32_combine' failed: symbol not defined
ld.lld: error: too many errors emitted, stopping now (use --error-limit=0 to see all errors)
gcc: error: linker command failed with exit code 1 (use -v to see invocation)
(exit code 1)
No shared library support.
Building static library libz.a version 1.2.13 with gcc.

=== ztest7415.c ===
#include <stdio.h>
#include <stdlib.h>
size_t dummy = 0;
===
gcc -c -O3 ztest7415.c
Checking for size_t... Yes.

=== ztest7415.c ===
#include <sys/types.h>
off64_t dummy = 0;
===
gcc -c -O3 -D_LARGEFILE64_SOURCE=1 ztest7415.c
Checking for off64_t... Yes.
Checking for fseeko... Yes.

=== ztest7415.c ===
#include <string.h>
#include <errno.h>
int main() { return strlen(strerror(errno)); }
===
gcc -O3 -D_LARGEFILE64_SOURCE=1 -o ztest7415 ztest7415.c
Checking for strerror... Yes.

=== ztest7415.c ===
#include <unistd.h>
int main() { return 0; }
===
gcc -c -O3 -D_LARGEFILE64_SOURCE=1 ztest7415.c
Checking for unistd.h... Yes.

=== ztest7415.c ===
#include <stdarg.h>
int main() { return 0; }
===
gcc -c -O3 -D_LARGEFILE64_SOURCE=1 ztest7415.c
Checking for stdarg.h... Yes.

=== ztest7415.c ===
#include <stdio.h>
#include <stdarg.h>
#include "zconf.h"
int main()
{
#ifndef STDC
  choke me
#endif
  return 0;
}
===
gcc -c -O3 -D_LARGEFILE64_SOURCE=1 ztest7415.c
Checking whether to use vs[n]printf() or s[n]printf()... using vs[n]printf().

=== ztest7415.c ===
#include <stdio.h>
#include <stdarg.h>
int mytest(const char *fmt, ...)
{
  char buf[20];
  va_list ap;
  va_start(ap, fmt);
  vsnprintf(buf, sizeof(buf), fmt, ap);
  va_end(ap);
  return 0;
}
int main()
{
  return (mytest("Hello%d\n", 1));
}
===
gcc -O3 -D_LARGEFILE64_SOURCE=1 -o ztest7415 ztest7415.c
Checking for vsnprintf() in stdio.h... Yes.

=== ztest7415.c ===
#include <stdio.h>
#include <stdarg.h>
int mytest(const char *fmt, ...)
{
  int n;
  char buf[20];
  va_list ap;
  va_start(ap, fmt);
  n = vsnprintf(buf, sizeof(buf), fmt, ap);
  va_end(ap);
  return n;
}
int main()
{
  return (mytest("Hello%d\n", 1));
}
===
gcc -c -O3 -D_LARGEFILE64_SOURCE=1 ztest7415.c
Checking for return value of vsnprintf()... Yes.

=== ztest7415.c ===
#define ZLIB_INTERNAL __attribute__((visibility ("hidden")))
int ZLIB_INTERNAL foo;
int main()
{
  return 0;
}
===
gcc -c -O3 -D_LARGEFILE64_SOURCE=1 ztest7415.c
Checking for attribute(visibility) support... Yes.

ALL = static all64
AR = ar
ARFLAGS = rc
CC = gcc
CFLAGS = -O3 -D_LARGEFILE64_SOURCE=1 -DHAVE_HIDDEN
CPP =
EXE =
LDCONFIG = ldconfig
LDFLAGS =
LDSHARED = gcc
LDSHAREDLIBC = -lc
OBJC = $(OBJZ) $(OBJG)
PIC_OBJC = $(PIC_OBJZ) $(PIC_OBJG)
RANLIB = ranlib
SFLAGS = -O3 -fPIC -D_LARGEFILE64_SOURCE=1 -DHAVE_HIDDEN
SHAREDLIB =
SHAREDLIBM =
SHAREDLIBV =
STATICLIB = libz.a
TEST = all teststatic test64
VER = 1.2.13
SRCDIR =
exec_prefix = ${prefix}
includedir = ${prefix}/include
libdir = ${exec_prefix}/lib
mandir = ${prefix}/share/man
prefix = /data/data/com.termux/files/usr
sharedlibdir = ${libdir}
uname = Linux
--------------------


